# JRE version: OpenJDK Runtime Environment Temurin-21.0.5+11 (21.0.5+11) (build 21.0.5+11-LTS)
# Java VM: OpenJDK 64-Bit Server VM Temurin-21.0.5+11 (21.0.5+11-LTS, mixed mode, emulated-client, sharing, tiered, compressed oops, compressed class ptrs, g1 gc, windows-amd64)
GC Precious Log:
 CardTable entry size: 512
 Card Set container configuration: InlinePtr #cards 5 size 8 Array Of Cards #cards 12 size 40 Howl #buckets 4 coarsen threshold 1843 Howl Bitmap #cards 512 size 80 coarsen threshold 460 Card regions per heap region 1 cards per card region 2048
 CPUs: 4 total, 4 available
 Memory: 8092M
 Large Page Support: Disabled
 NUMA Support: Disabled
 Compressed Oops: Enabled (32-bit)
 Heap Region Size: 1M
 Heap Min Capacity: 8M
 Heap Initial Capacity: 128M
 Heap Max Capacity: 2024M
 Pre-touch: Disabled
 Parallel Workers: 4
 Concurrent Workers: 1
 Concurrent Refinement Workers: 4
 Periodic GC: Disabled
Heap:
 garbage-first heap   total 311296K, used 266240K [0x0000000081800000, 0x0000000100000000)
  region size 1024K, 175 young (179200K), 6 survivors (6144K)
 Metaspace       used 34555K, committed 35136K, reserved 1114112K
  class space    used 4729K, committed 4992K, reserved 1048576K
GC Heap History (20 events):
Event: 1171.647 GC heap after
{Heap after GC invocations=35 (full 0):
 garbage-first heap   total 311296K, used 89534K [0x0000000081800000, 0x0000000100000000)
  region size 1024K, 4 young (4096K), 4 survivors (4096K)
 Metaspace       used 34570K, committed 35136K, reserved 1114112K
  class space    used 4735K, committed 4992K, reserved 1048576K
}
Event: 1172.311 GC heap before
{Heap before GC invocations=36 (full 0):
 garbage-first heap   total 273408K, used 222654K [0x0000000081800000, 0x0000000100000000)
  region size 1024K, 139 young (142336K), 4 survivors (4096K)
 Metaspace       used 34570K, committed 35136K, reserved 1114112K
  class space    used 4735K, committed 4992K, reserved 1048576K
}
Event: 1172.360 GC heap after
{Heap after GC invocations=37 (full 0):
 garbage-first heap   total 273408K, used 124928K [0x0000000081800000, 0x0000000100000000)
  region size 1024K, 18 young (18432K), 18 survivors (18432K)
 Metaspace       used 34570K, committed 35136K, reserved 1114112K
  class space    used 4735K, committed 4992K, reserved 1048576K
}
Event: 1172.634 GC heap before
{Heap before GC invocations=37 (full 0):
 garbage-first heap   total 273408K, used 205824K [0x0000000081800000, 0x0000000100000000)
  region size 1024K, 97 young (99328K), 18 survivors (18432K)
 Metaspace       used 34572K, committed 35136K, reserved 1114112K
  class space    used 4735K, committed 4992K, reserved 1048576K
}
Event: 1172.674 GC heap after
{Heap after GC invocations=38 (full 0):
 garbage-first heap   total 273408K, used 126464K [0x0000000081800000, 0x0000000100000000)
  region size 1024K, 13 young (13312K), 13 survivors (13312K)
 Metaspace       used 34572K, committed 35136K, reserved 1114112K
  class space    used 4735K, committed 4992K, reserved 1048576K
}
Event: 1172.904 GC heap before
{Heap before GC invocations=38 (full 0):
 garbage-first heap   total 273408K, used 209408K [0x0000000081800000, 0x0000000100000000)
  region size 1024K, 93 young (95232K), 13 survivors (13312K)
 Metaspace       used 34572K, committed 35136K, reserved 1114112K
  class space    used 4735K, committed 4992K, reserved 1048576K
}
Event: 1172.958 GC heap after
{Heap after GC invocations=39 (full 0):
 garbage-first heap   total 273408K, used 164352K [0x0000000081800000, 0x0000000100000000)
  region size 1024K, 12 young (12288K), 12 survivors (12288K)
 Metaspace       used 34572K, committed 35136K, reserved 1114112K
  class space    used 4735K, committed 4992K, reserved 1048576K
}
Event: 1173.008 GC heap before
{Heap before GC invocations=39 (full 0):
 garbage-first heap   total 273408K, used 182784K [0x0000000081800000, 0x0000000100000000)
  region size 1024K, 31 young (31744K), 12 survivors (12288K)
 Metaspace       used 34572K, committed 35136K, reserved 1114112K
  class space    used 4735K, committed 4992K, reserved 1048576K
}
Event: 1173.036 GC heap after
{Heap after GC invocations=40 (full 0):
 garbage-first heap   total 273408K, used 174592K [0x0000000081800000, 0x0000000100000000)
  region size 1024K, 9 young (9216K), 9 survivors (9216K)
 Metaspace       used 34572K, committed 35136K, reserved 1114112K
  class space    used 4735K, committed 4992K, reserved 1048576K
}
Event: 1173.245 GC heap before
{Heap before GC invocations=40 (full 0):
 garbage-first heap   total 273408K, used 161280K [0x0000000081800000, 0x0000000100000000)
  region size 1024K, 57 young (58368K), 9 survivors (9216K)
 Metaspace       used 34572K, committed 35136K, reserved 1114112K
  class space    used 4735K, committed 4992K, reserved 1048576K
}
Event: 1173.271 GC heap after
{Heap after GC invocations=41 (full 0):
 garbage-first heap   total 546816K, used 122880K [0x0000000081800000, 0x0000000100000000)
  region size 1024K, 8 young (8192K), 8 survivors (8192K)
 Metaspace       used 34572K, committed 35136K, reserved 1114112K
  class space    used 4735K, committed 4992K, reserved 1048576K
}
Event: 2053.195 GC heap before
{Heap before GC invocations=42 (full 0):
 garbage-first heap   total 546816K, used 345088K [0x0000000081800000, 0x0000000100000000)
  region size 1024K, 225 young (230400K), 8 survivors (8192K)
 Metaspace       used 34583K, committed 35136K, reserved 1114112K
  class space    used 4737K, committed 4992K, reserved 1048576K
}
Event: 2053.212 GC heap after
{Heap after GC invocations=43 (full 0):
 garbage-first heap   total 546816K, used 127488K [0x0000000081800000, 0x0000000100000000)
  region size 1024K, 13 young (13312K), 13 survivors (13312K)
 Metaspace       used 34583K, committed 35136K, reserved 1114112K
  class space    used 4737K, committed 4992K, reserved 1048576K
}
Event: 2890.101 GC heap before
{Heap before GC invocations=43 (full 0):
 garbage-first heap   total 546816K, used 375296K [0x0000000081800000, 0x0000000100000000)
  region size 1024K, 255 young (261120K), 13 survivors (13312K)
 Metaspace       used 34583K, committed 35136K, reserved 1114112K
  class space    used 4737K, committed 4992K, reserved 1048576K
}
Event: 2890.117 GC heap after
{Heap after GC invocations=44 (full 0):
 garbage-first heap   total 546816K, used 114176K [0x0000000081800000, 0x0000000100000000)
  region size 1024K, 14 young (14336K), 14 survivors (14336K)
 Metaspace       used 34583K, committed 35136K, reserved 1114112K
  class space    used 4737K, committed 4992K, reserved 1048576K
}
Event: 3985.190 GC heap before
{Heap before GC invocations=44 (full 0):
 garbage-first heap   total 546816K, used 427520K [0x0000000081800000, 0x0000000100000000)
  region size 1024K, 320 young (327680K), 14 survivors (14336K)
 Metaspace       used 34583K, committed 35136K, reserved 1114112K
  class space    used 4737K, committed 4992K, reserved 1048576K
}
Event: 3985.205 GC heap after
{Heap after GC invocations=45 (full 0):
 garbage-first heap   total 546816K, used 113664K [0x0000000081800000, 0x0000000100000000)
  region size 1024K, 13 young (13312K), 13 survivors (13312K)
 Metaspace       used 34583K, committed 35136K, reserved 1114112K
  class space    used 4737K, committed 4992K, reserved 1048576K
}
Event: 5053.488 GC heap before
{Heap before GC invocations=45 (full 0):
 garbage-first heap   total 546816K, used 428032K [0x0000000081800000, 0x0000000100000000)
  region size 1024K, 320 young (327680K), 13 survivors (13312K)
 Metaspace       used 34583K, committed 35136K, reserved 1114112K
  class space    used 4737K, committed 4992K, reserved 1048576K
}
Event: 5053.502 GC heap after
{Heap after GC invocations=46 (full 0):
 garbage-first heap   total 546816K, used 113664K [0x0000000081800000, 0x0000000100000000)
  region size 1024K, 13 young (13312K), 13 survivors (13312K)
 Metaspace       used 34583K, committed 35136K, reserved 1114112K
  class space    used 4737K, committed 4992K, reserved 1048576K
}
Event: 5659.939 GC heap before
{Heap before GC invocations=47 (full 0):
 garbage-first heap   total 311296K, used 266240K [0x0000000081800000, 0x0000000100000000)
  region size 1024K, 182 young (186368K), 13 survivors (13312K)
 Metaspace       used 34555K, committed 35136K, reserved 1114112K
  class space    used 4729K, committed 4992K, reserved 1048576K
}

